    1  ls -a
    2  ls -l
    3  ls /
    4  ls /usr
    5  pwd
    6  cd ~
    7  cd /
    8  cd -
    9  cd .
   10  cd ..
   11  cd ../../
   12  cd /root
   13  pwd
   14  cd usr
   15  cd /usr
   16  pwd
   17  cd /home
   18  mkdir test1
   19  ls
   20  cd /home
   21  mkdir test2/test3
   22  cd /home
   23  mkdir -p test2/test3
   24  ls test2
   25  cd /home
   26  touch test1/index.php
   27  ls test1
   28  cd /home/test1 && ls
   29  cd /home/test1
   30  cp index.php copy.php
   31  ls
   32  cd /home
   33  cp -r test1 test4
   34  ls
   35  ls test4
   36  cd /home
   37  mv test2/test3 test3
   38  ls
   39  cd /home
   40  mv test4 test1_copy
   41  ls
   42  cd /home
   43  ls test1
   44  rm test1/copy.php
   45  ls test1
   46  cd /home
   47  rm -r test3
   48  ls
   49  cd /home
   50  rm test1_copy/*.php
   51  ls test1_copy
   52  ls /home
   53  ls test1
   54  cd /home
   55  echo '#Hello World' > README.md
   56  cat REAMDE.md
   57   cd /home
   58  echo '# Hello World' > README.md
   59  cat README.md
   60  echo '# Sever Lesson' > README.md
   61  cat README.md
   62  cd /home
   63  echo 'Linux Practice' >> README.md
   64  echo '-----------------' >> README.md
   65  cat README.md
   66  cd /home
   67  vi README.md
   68  cd /root
   69  mkdir server_lesson && cd server_lesson
   70  yum update -y && yum -y install git
   71  git version
   72  git init
   73  touch first.txt
   74  ls
   75  cd /server_lesson
   76  cd /server_lesson
   77  ls
   78  mkdir linux_practice1
   79  ls
   80  cd linux_practice1
   81  mkdir public
   82  ls
   83  touch public/index.php
   84  ls public
   85  cd linux_practice1/public
   86  cd public
   87  cp index.php index_bk.php
   88  ls
   89  cd /linux_practice1
   90  cd linux_practice1
   91  cd /linux_practice1
   92  ls
   93  cd ry
   94  cd linux_practice1
   95  pwd
   96  cd /root
   97  cd server_lesson
   98  cd linux_practice1
   99  cp pulic tmp
  100  cp public tmp
  101  ls
  102  cp -r public tmp
  103  ls
  104  ls tmp
  105  rm tmp/index_bk.php
  106  ls tmp
  107  cd server_lesson
  108  cd /root
  109  cd server_lesson
  110  touch README.md
  111  vi README.md
  112  mkdir linux_practice2
  113  cd linux_practice2
  114  mkdir documents
  115  cd documents
  116  touch gizumo{01..50}.md
  117  ls
  118  cd /server_lesson
  119  cd /root
  120  cd server_lesson
  121  cd linux_practice2
  122  mkdir trash
  123  cd trash
  124  cd linux_practice2
  125  cd /root
  126  cd linux_practice
  127  cd server_lesson
  128  cd linux_practice2
  129  mv documents/gizumo{20..40}.md trash
  130  ls trash
  131  touch .gitignore
  132  vi .gitinore
  133  vi ~/.vimrc
  134  source ~/.vimrc
  135  source ~/.vimrc
  136  vi .gitinore
  137  vi ~/.vimrc
  138  vi .gitinore
  139  history 300
  140  echo history 300 > exec_command.log
  141  cat exec_command.log
  142  ls
  143  echo history 300 -w >exec_command.log
  144  echo exec_command.log
  145  echo history 300 -w >exec_command.log
  146  echo 'history 300 -w' >exec_command.log
  147  echo exec_command.log
  148  echo history 300 -w exec_command.log
  149  echo exec_command.log
  150  cat exec_command.log
  151  ls
  152  history 300 -w exec_command.log
  153  ls exec_command.log
  154  rm exec_command.log
  155  ls
  156  history 300
  157  history 300 -w exec_command.log
  158  ls
  159   history 300 -w linux_practice/exec_command.log
  160  history 300 > exec_command.log
